<?xml version="1.0" encoding="UTF-8"?>
<testsuite xmlns:xsi="http://www.w3.org/2001/XMLSchema-instance" xsi:schemaLocation="https://maven.apache.org/surefire/maven-surefire-plugin/xsd/surefire-test-report.xsd" name="autoRIA.Tests.autoRIATest" time="52.733" tests="7" errors="0" skipped="0" failures="0">
  <properties>
[...]
</properties>
  <testcase name="BeforeStories" classname="java.lang.Object" time="0.058"/>
  <testcase name="@BeforeStory" classname="TestProject.pages_with_steps_definitions.BaseDefinitions" time="0"/>
  <testcase name="Given The &apos;AutoRIA Home Page&apos; page is opened" classname="TestProject.pages_with_steps_definitions.ReflectionDefinitions" time="39.341"/>
  <testcase name="When I click on the &apos;Login&apos; button" classname="TestProject.pages_with_steps_definitions.ReflectionDefinitions" time="7.554"/>
  <testcase name="Scenario: Smoke --&gt; User&apos;s log-out from AutoRIA as an &quot;End user&quot;" classname="Scenario: Smoke --&gt; User&apos;s log-out from AutoRIA as an &quot;End user&quot;" time="7.797"/>
  <testcase name="Login.story" classname="Login.story" time="7.898"/>
  <testcase name="AfterStories" classname="java.lang.Object" time="0.001"/>
</testsuite>